2025-04-09 21:47:37.672 | INFO     | model.pipeline.preparation:prepare_data:10 - Starting up Preprocessing Pipeline
2025-04-09 21:47:37.676 | INFO     | model.pipeline.collection:load_data_from_db:18 - Extracting Data from the Database
2025-04-09 21:47:37.698 | INFO     | model.pipeline.preparation:prepare_data:14 - Preprocessing Data
2025-04-09 21:47:37.698 | INFO     | model.pipeline.preparation:_encode_cat_col:35 - Encoding Categorical Columns: ['balcony', 'parking', 'furnished', 'garage', 'storage']
2025-04-09 21:47:37.706 | INFO     | model.pipeline.preparation:_parse_garden_col:51 - Parsing Garden Column
2025-04-09 21:47:37.708 | INFO     | model.pipeline.preparation:_encode_bool:26 - Encoding Boolean Column
2025-04-09 21:47:37.710 | INFO     | model.pipeline.model:build_model:28 - Starting up Model Building Pipeline
2025-04-09 21:47:37.711 | INFO     | model.pipeline.preparation:prepare_data:10 - Starting up Preprocessing Pipeline
2025-04-09 21:47:37.711 | INFO     | model.pipeline.collection:load_data_from_db:18 - Extracting Data from the Database
2025-04-09 21:47:37.727 | INFO     | model.pipeline.preparation:prepare_data:14 - Preprocessing Data
2025-04-09 21:47:37.727 | INFO     | model.pipeline.preparation:_encode_cat_col:35 - Encoding Categorical Columns: ['balcony', 'parking', 'furnished', 'garage', 'storage']
2025-04-09 21:47:37.733 | INFO     | model.pipeline.preparation:_parse_garden_col:51 - Parsing Garden Column
2025-04-09 21:47:37.735 | INFO     | model.pipeline.preparation:_encode_bool:26 - Encoding Boolean Column
2025-04-09 21:47:37.737 | INFO     | model.pipeline.model:build_model:40 - Building Model
2025-04-09 21:47:37.737 | INFO     | model.pipeline.model:_get_X_Y:66 - Defining X and Y variables. 
X vars: ['area', 'bedrooms', 'garden', 'constraction_year', 'balcony_yes', 'storage_yes', 'parking_yes', 'garage_yes', 'furnished_yes']
y var: rent
2025-04-09 21:47:37.742 | DEBUG    | model.pipeline.model:_train_model:111 - grid_space = {'n_estimators': [100, 200, 300], 'max_depth': [3, 6, 9, 12]}
2025-04-09 21:48:06.620 | INFO     | model.pipeline.model:_evaluate_model:123 - Evaluating Model Performance SCORE = 0.6776906029830461
2025-04-09 21:48:06.653 | INFO     | model.pipeline.model:_save_model:138 - Saving the Model:model/models/rf_db_v1
2025-04-09 21:48:06.673 | INFO     | __main__:main:23 - Running the Application
2025-04-09 21:48:06.674 | INFO     | model.model_service:load_model:44 - Checking the existence of the model config file at model/models/rf_db_v1
2025-04-09 21:48:06.674 | INFO     | model.model_service:load_model:56 - Model rf_db_v1 Exists! ->loading Model Configuration File
2025-04-09 21:48:06.690 | INFO     | model.model_service:predict:78 - Making Prediction!
2025-04-09 21:48:06.707 | INFO     | __main__:main:40 - Prediction: [2141.39298587]
2025-04-09 22:18:01.443 | INFO     | model.pipeline.preparation:prepare_data:10 - Starting up Preprocessing Pipeline
2025-04-09 22:18:01.444 | INFO     | model.pipeline.collection:load_data_from_db:18 - Extracting Data from the Database
2025-04-09 22:18:01.476 | INFO     | model.pipeline.preparation:prepare_data:14 - Preprocessing Data
2025-04-09 22:18:01.476 | INFO     | model.pipeline.preparation:_encode_cat_col:35 - Encoding Categorical Columns: ['balcony', 'parking', 'furnished', 'garage', 'storage']
2025-04-09 22:18:01.491 | INFO     | model.pipeline.preparation:_parse_garden_col:51 - Parsing Garden Column
2025-04-09 22:18:01.494 | INFO     | model.pipeline.preparation:_encode_bool:26 - Encoding Boolean Column
2025-04-09 22:18:01.499 | INFO     | model.pipeline.model:build_model:28 - Starting up Model Building Pipeline
2025-04-09 22:18:01.499 | INFO     | model.pipeline.preparation:prepare_data:10 - Starting up Preprocessing Pipeline
2025-04-09 22:18:01.500 | INFO     | model.pipeline.collection:load_data_from_db:18 - Extracting Data from the Database
2025-04-09 22:18:01.519 | INFO     | model.pipeline.preparation:prepare_data:14 - Preprocessing Data
2025-04-09 22:18:01.519 | INFO     | model.pipeline.preparation:_encode_cat_col:35 - Encoding Categorical Columns: ['balcony', 'parking', 'furnished', 'garage', 'storage']
2025-04-09 22:18:01.531 | INFO     | model.pipeline.preparation:_parse_garden_col:51 - Parsing Garden Column
2025-04-09 22:18:01.533 | INFO     | model.pipeline.preparation:_encode_bool:26 - Encoding Boolean Column
2025-04-09 22:18:01.538 | INFO     | model.pipeline.model:build_model:40 - Building Model
2025-04-09 22:18:01.539 | INFO     | model.pipeline.model:_get_X_Y:66 - Defining X and Y variables. 
X vars: ['area', 'bedrooms', 'garden', 'constraction_year', 'balcony_yes', 'storage_yes', 'parking_yes', 'garage_yes', 'furnished_yes']
y var: rent
2025-04-09 22:18:01.547 | DEBUG    | model.pipeline.model:_train_model:111 - grid_space = {'n_estimators': [100, 200, 300], 'max_depth': [3, 6, 9, 12]}
2025-04-09 22:18:32.131 | INFO     | model.pipeline.model:_evaluate_model:123 - Evaluating Model Performance SCORE = 0.6956092944339232
2025-04-09 22:18:32.149 | INFO     | model.pipeline.model:_save_model:138 - Saving the Model:model/models/rf_db_v1
2025-04-09 22:18:32.173 | INFO     | __main__:main:23 - Running the Application
2025-04-09 22:18:32.173 | INFO     | model.model_service:load_model:44 - Checking the existence of the model config file at model/models/rf_db_v1
2025-04-09 22:18:32.173 | INFO     | model.model_service:load_model:56 - Model rf_db_v1 Exists! ->loading Model Configuration File
2025-04-09 22:18:32.190 | INFO     | model.model_service:predict:78 - Making Prediction!
2025-04-09 22:18:32.208 | INFO     | __main__:main:40 - Prediction: [2074.35572612]
2025-04-09 22:29:00.514 | INFO     | model.pipeline.preparation:prepare_data:10 - Starting up Preprocessing Pipeline
2025-04-09 22:29:00.514 | INFO     | model.pipeline.collection:load_data_from_db:18 - Extracting Data from the Database
2025-04-09 22:29:00.548 | INFO     | model.pipeline.preparation:prepare_data:14 - Preprocessing Data
2025-04-09 22:29:00.548 | INFO     | model.pipeline.preparation:_encode_cat_col:35 - Encoding Categorical Columns: ['balcony', 'parking', 'furnished', 'garage', 'storage']
2025-04-09 22:29:00.565 | INFO     | model.pipeline.preparation:_parse_garden_col:51 - Parsing Garden Column
2025-04-09 22:29:00.569 | INFO     | model.pipeline.preparation:_encode_bool:26 - Encoding Boolean Column
2025-04-09 22:29:00.630 | INFO     | model.pipeline.model:build_model:28 - Starting up Model Building Pipeline
2025-04-09 22:29:00.631 | INFO     | model.pipeline.preparation:prepare_data:10 - Starting up Preprocessing Pipeline
2025-04-09 22:29:00.631 | INFO     | model.pipeline.collection:load_data_from_db:18 - Extracting Data from the Database
2025-04-09 22:29:00.659 | INFO     | model.pipeline.preparation:prepare_data:14 - Preprocessing Data
2025-04-09 22:29:00.659 | INFO     | model.pipeline.preparation:_encode_cat_col:35 - Encoding Categorical Columns: ['balcony', 'parking', 'furnished', 'garage', 'storage']
2025-04-09 22:29:00.679 | INFO     | model.pipeline.preparation:_parse_garden_col:51 - Parsing Garden Column
2025-04-09 22:29:00.683 | INFO     | model.pipeline.preparation:_encode_bool:26 - Encoding Boolean Column
2025-04-09 22:29:00.688 | INFO     | model.pipeline.model:build_model:40 - Building Model
2025-04-09 22:29:00.689 | INFO     | model.pipeline.model:_get_X_Y:66 - Defining X and Y variables. 
X vars: ['area', 'bedrooms', 'garden', 'constraction_year', 'balcony_yes', 'storage_yes', 'parking_yes', 'garage_yes', 'furnished_yes']
y var: rent
2025-04-09 22:29:00.697 | DEBUG    | model.pipeline.model:_train_model:111 - grid_space = {'n_estimators': [100, 200, 300], 'max_depth': [3, 6, 9, 12]}
2025-04-09 22:29:31.230 | INFO     | model.pipeline.model:_evaluate_model:123 - Evaluating Model Performance SCORE = 0.6959143340939785
2025-04-09 22:29:31.261 | INFO     | model.pipeline.model:_save_model:138 - Saving the Model:model/models/rf_db_v1
2025-04-09 22:29:31.275 | INFO     | __main__:main:23 - Running the Application
2025-04-09 22:29:31.275 | INFO     | model.model_service:load_model:44 - Checking the existence of the model config file at model/models/rf_db_v1
2025-04-09 22:29:31.275 | INFO     | model.model_service:load_model:56 - Model rf_db_v1 Exists! ->loading Model Configuration File
2025-04-09 22:29:31.288 | INFO     | model.model_service:predict:78 - Making Prediction!
2025-04-09 22:29:31.314 | INFO     | __main__:main:40 - Prediction: [2117.69829879]
2025-04-09 22:51:39.835 | INFO     | model.pipeline.preparation:prepare_data:10 - Starting up Preprocessing Pipeline
2025-04-09 22:51:39.835 | INFO     | model.pipeline.collection:load_data_from_db:18 - Extracting Data from the Database
2025-04-09 22:51:39.854 | INFO     | model.pipeline.preparation:prepare_data:14 - Preprocessing Data
2025-04-09 22:51:39.854 | INFO     | model.pipeline.preparation:_encode_cat_col:35 - Encoding Categorical Columns: ['balcony', 'parking', 'furnished', 'garage', 'storage']
2025-04-09 22:51:39.861 | INFO     | model.pipeline.preparation:_parse_garden_col:51 - Parsing Garden Column
2025-04-09 22:51:39.863 | INFO     | model.pipeline.preparation:_encode_bool:26 - Encoding Boolean Column
2025-04-09 22:51:39.865 | INFO     | model.pipeline.model:build_model:28 - Starting up Model Building Pipeline
2025-04-09 22:51:39.865 | INFO     | model.pipeline.preparation:prepare_data:10 - Starting up Preprocessing Pipeline
2025-04-09 22:51:39.865 | INFO     | model.pipeline.collection:load_data_from_db:18 - Extracting Data from the Database
2025-04-09 22:51:39.878 | INFO     | model.pipeline.preparation:prepare_data:14 - Preprocessing Data
2025-04-09 22:51:39.878 | INFO     | model.pipeline.preparation:_encode_cat_col:35 - Encoding Categorical Columns: ['balcony', 'parking', 'furnished', 'garage', 'storage']
2025-04-09 22:51:39.882 | INFO     | model.pipeline.preparation:_parse_garden_col:51 - Parsing Garden Column
2025-04-09 22:51:39.885 | INFO     | model.pipeline.preparation:_encode_bool:26 - Encoding Boolean Column
2025-04-09 22:51:39.887 | INFO     | model.pipeline.model:build_model:40 - Building Model
2025-04-09 22:51:39.887 | INFO     | model.pipeline.model:_get_X_Y:66 - Defining X and Y variables. 
X vars: ['area', 'bedrooms', 'garden', 'constraction_year', 'balcony_yes', 'storage_yes', 'parking_yes', 'garage_yes', 'furnished_yes']
y var: rent
2025-04-09 22:51:39.890 | DEBUG    | model.pipeline.model:_train_model:111 - grid_space = {'n_estimators': [100, 200, 300], 'max_depth': [3, 6, 9, 12]}
2025-04-09 22:52:08.970 | INFO     | model.pipeline.model:_evaluate_model:123 - Evaluating Model Performance SCORE = 0.6891724183824119
2025-04-09 22:52:08.991 | INFO     | model.pipeline.model:_save_model:138 - Saving the Model:model/models/rf_db_v1
2025-04-09 22:52:08.998 | INFO     | __main__:main:23 - Running the Application
2025-04-09 22:52:08.998 | INFO     | model.model_service:load_model:44 - Checking the existence of the model config file at model/models/rf_db_v1
2025-04-09 22:52:08.999 | INFO     | model.model_service:load_model:56 - Model rf_db_v1 Exists! ->loading Model Configuration File
2025-04-09 22:52:09.010 | INFO     | model.model_service:predict:78 - Making Prediction!
2025-04-09 22:52:09.029 | INFO     | __main__:main:40 - Prediction: [2077.26591583]
2025-04-09 22:56:24.124 | INFO     | model.pipeline.preparation:prepare_data:10 - Starting up Preprocessing Pipeline
2025-04-09 22:56:24.125 | INFO     | model.pipeline.collection:load_data_from_db:18 - Extracting Data from the Database
2025-04-09 22:56:24.142 | INFO     | model.pipeline.preparation:prepare_data:14 - Preprocessing Data
2025-04-09 22:56:24.143 | INFO     | model.pipeline.preparation:_encode_cat_col:35 - Encoding Categorical Columns: ['balcony', 'parking', 'furnished', 'garage', 'storage']
2025-04-09 22:56:24.147 | INFO     | model.pipeline.preparation:_parse_garden_col:51 - Parsing Garden Column
2025-04-09 22:56:24.150 | INFO     | model.pipeline.preparation:_encode_bool:26 - Encoding Boolean Column
2025-04-09 22:56:24.152 | INFO     | model.pipeline.model:build_model:28 - Starting up Model Building Pipeline
2025-04-09 22:56:24.153 | INFO     | model.pipeline.preparation:prepare_data:10 - Starting up Preprocessing Pipeline
2025-04-09 22:56:24.153 | INFO     | model.pipeline.collection:load_data_from_db:18 - Extracting Data from the Database
2025-04-09 22:56:24.165 | INFO     | model.pipeline.preparation:prepare_data:14 - Preprocessing Data
2025-04-09 22:56:24.165 | INFO     | model.pipeline.preparation:_encode_cat_col:35 - Encoding Categorical Columns: ['balcony', 'parking', 'furnished', 'garage', 'storage']
2025-04-09 22:56:24.170 | INFO     | model.pipeline.preparation:_parse_garden_col:51 - Parsing Garden Column
2025-04-09 22:56:24.172 | INFO     | model.pipeline.preparation:_encode_bool:26 - Encoding Boolean Column
2025-04-09 22:56:24.174 | INFO     | model.pipeline.model:build_model:40 - Building Model
2025-04-09 22:56:24.174 | INFO     | model.pipeline.model:_get_X_Y:66 - Defining X and Y variables. 
X vars: ['area', 'bedrooms', 'garden', 'constraction_year', 'balcony_yes', 'storage_yes', 'parking_yes', 'garage_yes', 'furnished_yes']
y var: rent
2025-04-09 22:56:24.179 | DEBUG    | model.pipeline.model:_train_model:111 - grid_space = {'n_estimators': [100, 200, 300], 'max_depth': [3, 6, 9, 12]}
2025-04-09 22:56:54.961 | INFO     | model.pipeline.model:_evaluate_model:123 - Evaluating Model Performance SCORE = 0.6828562216958644
2025-04-09 22:56:54.979 | INFO     | model.pipeline.model:_save_model:138 - Saving the Model:model/models/rf_db_v1
2025-04-09 22:56:54.997 | INFO     | __main__:main:23 - Running the Application
2025-04-09 22:56:54.997 | INFO     | model.model_service:load_model:44 - Checking the existence of the model config file at model/models/rf_db_v1
2025-04-09 22:56:54.998 | INFO     | model.model_service:load_model:56 - Model rf_db_v1 Exists! ->loading Model Configuration File
2025-04-09 22:56:55.020 | INFO     | model.model_service:predict:78 - Making Prediction!
2025-04-09 22:56:55.035 | INFO     | __main__:main:40 - Prediction: [2103.63826479]
2025-04-09 23:17:30.795 | INFO     | model.pipeline.preparation:prepare_data:10 - Starting up Preprocessing Pipeline
2025-04-09 23:17:30.796 | INFO     | model.pipeline.collection:load_data_from_db:18 - Extracting Data from the Database
2025-04-09 23:17:30.830 | INFO     | model.pipeline.preparation:prepare_data:14 - Preprocessing Data
2025-04-09 23:17:30.830 | INFO     | model.pipeline.preparation:_encode_cat_col:35 - Encoding Categorical Columns: ['balcony', 'parking', 'furnished', 'garage', 'storage']
2025-04-09 23:17:30.843 | INFO     | model.pipeline.preparation:_parse_garden_col:51 - Parsing Garden Column
2025-04-09 23:17:30.847 | INFO     | model.pipeline.preparation:_encode_bool:26 - Encoding Boolean Column
2025-04-09 23:17:30.851 | INFO     | model.pipeline.model:build_model:28 - Starting up Model Building Pipeline
2025-04-09 23:17:30.851 | INFO     | model.pipeline.preparation:prepare_data:10 - Starting up Preprocessing Pipeline
2025-04-09 23:17:30.851 | INFO     | model.pipeline.collection:load_data_from_db:18 - Extracting Data from the Database
2025-04-09 23:17:30.863 | INFO     | model.pipeline.preparation:prepare_data:14 - Preprocessing Data
2025-04-09 23:17:30.864 | INFO     | model.pipeline.preparation:_encode_cat_col:35 - Encoding Categorical Columns: ['balcony', 'parking', 'furnished', 'garage', 'storage']
2025-04-09 23:17:30.869 | INFO     | model.pipeline.preparation:_parse_garden_col:51 - Parsing Garden Column
2025-04-09 23:17:30.872 | INFO     | model.pipeline.preparation:_encode_bool:26 - Encoding Boolean Column
2025-04-09 23:17:30.874 | INFO     | model.pipeline.model:build_model:40 - Building Model
2025-04-09 23:17:30.874 | INFO     | model.pipeline.model:_get_X_Y:66 - Defining X and Y variables. 
X vars: ['area', 'bedrooms', 'garden', 'constraction_year', 'balcony_yes', 'storage_yes', 'parking_yes', 'garage_yes', 'furnished_yes']
y var: rent
2025-04-09 23:17:30.878 | DEBUG    | model.pipeline.model:_train_model:111 - grid_space = {'n_estimators': [100, 200, 300], 'max_depth': [3, 6, 9, 12]}
2025-04-09 23:18:02.582 | INFO     | model.pipeline.model:_evaluate_model:123 - Evaluating Model Performance SCORE = 0.6949262625627359
2025-04-09 23:18:02.632 | INFO     | model.pipeline.model:_save_model:138 - Saving the Model:model/models/rf_db_v1
2025-04-09 23:18:02.680 | INFO     | __main__:main:23 - Running the Application
2025-04-09 23:18:02.681 | INFO     | model.model_service:load_model:44 - Checking the existence of the model config file at model/models/rf_db_v1
2025-04-09 23:18:02.681 | INFO     | model.model_service:load_model:56 - Model rf_db_v1 Exists! ->loading Model Configuration File
2025-04-09 23:18:02.729 | INFO     | model.model_service:predict:78 - Making Prediction!
2025-04-09 23:18:02.767 | INFO     | __main__:main:40 - Prediction: [2097.91938898]
2025-04-09 23:23:53.246 | INFO     | model.pipeline.preparation:prepare_data:10 - Starting up Preprocessing Pipeline
2025-04-09 23:23:53.246 | INFO     | model.pipeline.collection:load_data_from_db:18 - Extracting Data from the Database
2025-04-09 23:23:53.265 | INFO     | model.pipeline.preparation:prepare_data:14 - Preprocessing Data
2025-04-09 23:23:53.265 | INFO     | model.pipeline.preparation:_encode_cat_col:35 - Encoding Categorical Columns: ['balcony', 'parking', 'furnished', 'garage', 'storage']
2025-04-09 23:23:53.271 | INFO     | model.pipeline.preparation:_parse_garden_col:51 - Parsing Garden Column
2025-04-09 23:23:53.273 | INFO     | model.pipeline.preparation:_encode_bool:26 - Encoding Boolean Column
2025-04-09 23:23:53.276 | INFO     | model.pipeline.model:build_model:28 - Starting up Model Building Pipeline
2025-04-09 23:23:53.276 | INFO     | model.pipeline.preparation:prepare_data:10 - Starting up Preprocessing Pipeline
2025-04-09 23:23:53.276 | INFO     | model.pipeline.collection:load_data_from_db:18 - Extracting Data from the Database
2025-04-09 23:23:53.288 | INFO     | model.pipeline.preparation:prepare_data:14 - Preprocessing Data
2025-04-09 23:23:53.288 | INFO     | model.pipeline.preparation:_encode_cat_col:35 - Encoding Categorical Columns: ['balcony', 'parking', 'furnished', 'garage', 'storage']
2025-04-09 23:23:53.293 | INFO     | model.pipeline.preparation:_parse_garden_col:51 - Parsing Garden Column
2025-04-09 23:23:53.295 | INFO     | model.pipeline.preparation:_encode_bool:26 - Encoding Boolean Column
2025-04-09 23:23:53.297 | INFO     | model.pipeline.model:build_model:40 - Building Model
2025-04-09 23:23:53.297 | INFO     | model.pipeline.model:_get_X_Y:66 - Defining X and Y variables. 
X vars: ['area', 'bedrooms', 'garden', 'constraction_year', 'balcony_yes', 'storage_yes', 'parking_yes', 'garage_yes', 'furnished_yes']
y var: rent
2025-04-09 23:23:53.302 | DEBUG    | model.pipeline.model:_train_model:111 - grid_space = {'n_estimators': [100, 200, 300], 'max_depth': [3, 6, 9, 12]}
2025-04-09 23:24:21.942 | INFO     | model.pipeline.model:_evaluate_model:123 - Evaluating Model Performance SCORE = 0.6951617199758644
2025-04-09 23:24:21.979 | INFO     | model.pipeline.model:_save_model:138 - Saving the Model:model/models/rf_db_v1
2025-04-09 23:24:22.014 | INFO     | __main__:main:23 - Running the Application
2025-04-09 23:24:22.014 | INFO     | model.model_service:load_model:44 - Checking the existence of the model config file at model/models/rf_db_v1
2025-04-09 23:24:22.015 | INFO     | model.model_service:load_model:56 - Model rf_db_v1 Exists! ->loading Model Configuration File
2025-04-09 23:24:22.048 | INFO     | model.model_service:predict:78 - Making Prediction!
2025-04-09 23:24:22.073 | INFO     | __main__:main:40 - Prediction: [2121.97143449]
2025-04-09 23:37:57.047 | INFO     | model.pipeline.preparation:prepare_data:10 - Starting up Preprocessing Pipeline
2025-04-09 23:37:57.047 | INFO     | model.pipeline.collection:load_data_from_db:18 - Extracting Data from the Database
2025-04-09 23:37:57.071 | INFO     | model.pipeline.preparation:prepare_data:14 - Preprocessing Data
2025-04-09 23:37:57.071 | INFO     | model.pipeline.preparation:_encode_cat_col:35 - Encoding Categorical Columns: ['balcony', 'parking', 'furnished', 'garage', 'storage']
2025-04-09 23:37:57.080 | INFO     | model.pipeline.preparation:_parse_garden_col:51 - Parsing Garden Column
2025-04-09 23:37:57.084 | INFO     | model.pipeline.preparation:_encode_bool:26 - Encoding Boolean Column
2025-04-09 23:37:57.088 | INFO     | model.pipeline.model:build_model:28 - Starting up Model Building Pipeline
2025-04-09 23:37:57.088 | INFO     | model.pipeline.preparation:prepare_data:10 - Starting up Preprocessing Pipeline
2025-04-09 23:37:57.088 | INFO     | model.pipeline.collection:load_data_from_db:18 - Extracting Data from the Database
2025-04-09 23:37:57.104 | INFO     | model.pipeline.preparation:prepare_data:14 - Preprocessing Data
2025-04-09 23:37:57.104 | INFO     | model.pipeline.preparation:_encode_cat_col:35 - Encoding Categorical Columns: ['balcony', 'parking', 'furnished', 'garage', 'storage']
2025-04-09 23:37:57.112 | INFO     | model.pipeline.preparation:_parse_garden_col:51 - Parsing Garden Column
2025-04-09 23:37:57.119 | INFO     | model.pipeline.preparation:_encode_bool:26 - Encoding Boolean Column
2025-04-09 23:37:57.126 | INFO     | model.pipeline.model:build_model:40 - Building Model
2025-04-09 23:37:57.127 | INFO     | model.pipeline.model:_get_X_Y:66 - Defining X and Y variables. 
X vars: ['area', 'bedrooms', 'garden', 'constraction_year', 'balcony_yes', 'storage_yes', 'parking_yes', 'garage_yes', 'furnished_yes']
y var: rent
2025-04-09 23:37:57.136 | DEBUG    | model.pipeline.model:_train_model:111 - grid_space = {'n_estimators': [100, 200, 300], 'max_depth': [3, 6, 9, 12]}
2025-04-09 23:38:28.239 | INFO     | model.pipeline.model:_evaluate_model:123 - Evaluating Model Performance SCORE = 0.6989257585711335
2025-04-09 23:38:28.284 | INFO     | model.pipeline.model:_save_model:138 - Saving the Model:model/models/rf_db_v1
2025-04-09 23:38:28.301 | INFO     | __main__:main:23 - Running the Application
2025-04-09 23:38:28.301 | INFO     | model.model_service:load_model:44 - Checking the existence of the model config file at model/models/rf_db_v1
2025-04-09 23:38:28.301 | INFO     | model.model_service:load_model:56 - Model rf_db_v1 Exists! ->loading Model Configuration File
2025-04-09 23:38:28.317 | INFO     | model.model_service:predict:78 - Making Prediction!
2025-04-09 23:38:28.348 | INFO     | __main__:main:40 - Prediction: [2081.64792203]
2025-04-09 23:41:22.428 | INFO     | model.pipeline.preparation:prepare_data:10 - Starting up Preprocessing Pipeline
2025-04-09 23:41:22.428 | INFO     | model.pipeline.collection:load_data_from_db:18 - Extracting Data from the Database
2025-04-09 23:41:22.456 | INFO     | model.pipeline.preparation:prepare_data:14 - Preprocessing Data
2025-04-09 23:41:22.457 | INFO     | model.pipeline.preparation:_encode_cat_col:35 - Encoding Categorical Columns: ['balcony', 'parking', 'furnished', 'garage', 'storage']
2025-04-09 23:41:22.466 | INFO     | model.pipeline.preparation:_parse_garden_col:51 - Parsing Garden Column
2025-04-09 23:41:22.470 | INFO     | model.pipeline.preparation:_encode_bool:26 - Encoding Boolean Column
2025-04-09 23:41:22.474 | INFO     | model.pipeline.model:build_model:28 - Starting up Model Building Pipeline
2025-04-09 23:41:22.474 | INFO     | model.pipeline.preparation:prepare_data:10 - Starting up Preprocessing Pipeline
2025-04-09 23:41:22.475 | INFO     | model.pipeline.collection:load_data_from_db:18 - Extracting Data from the Database
2025-04-09 23:41:22.489 | INFO     | model.pipeline.preparation:prepare_data:14 - Preprocessing Data
2025-04-09 23:41:22.490 | INFO     | model.pipeline.preparation:_encode_cat_col:35 - Encoding Categorical Columns: ['balcony', 'parking', 'furnished', 'garage', 'storage']
2025-04-09 23:41:22.494 | INFO     | model.pipeline.preparation:_parse_garden_col:51 - Parsing Garden Column
2025-04-09 23:41:22.497 | INFO     | model.pipeline.preparation:_encode_bool:26 - Encoding Boolean Column
2025-04-09 23:41:22.499 | INFO     | model.pipeline.model:build_model:40 - Building Model
2025-04-09 23:41:22.499 | INFO     | model.pipeline.model:_get_X_Y:66 - Defining X and Y variables. 
X vars: ['area', 'bedrooms', 'garden', 'constraction_year', 'balcony_yes', 'storage_yes', 'parking_yes', 'garage_yes', 'furnished_yes']
y var: rent
2025-04-09 23:41:22.505 | DEBUG    | model.pipeline.model:_train_model:111 - grid_space = {'n_estimators': [100, 200, 300], 'max_depth': [3, 6, 9, 12]}
2025-04-09 23:41:51.386 | INFO     | model.pipeline.model:_evaluate_model:123 - Evaluating Model Performance SCORE = 0.698373788560416
2025-04-09 23:41:51.417 | INFO     | model.pipeline.model:_save_model:138 - Saving the Model:model/models/rf_db_v1
2025-04-09 23:41:51.431 | INFO     | __main__:main:23 - Running the Application
2025-04-09 23:41:51.431 | INFO     | model.model_service:load_model:44 - Checking the existence of the model config file at model/models/rf_db_v1
2025-04-09 23:41:51.432 | INFO     | model.model_service:load_model:56 - Model rf_db_v1 Exists! ->loading Model Configuration File
2025-04-09 23:41:51.445 | INFO     | model.model_service:predict:78 - Making Prediction!
2025-04-09 23:41:51.470 | INFO     | __main__:main:40 - Prediction: [2114.91164495]
2025-04-09 23:52:23.905 | INFO     | model.pipeline.preparation:prepare_data:10 - Starting up Preprocessing Pipeline
2025-04-09 23:52:23.907 | INFO     | model.pipeline.collection:load_data_from_db:18 - Extracting Data from the Database
2025-04-09 23:52:23.941 | INFO     | model.pipeline.preparation:prepare_data:14 - Preprocessing Data
2025-04-09 23:52:23.942 | INFO     | model.pipeline.preparation:_encode_cat_col:35 - Encoding Categorical Columns: ['balcony', 'parking', 'furnished', 'garage', 'storage']
2025-04-09 23:52:23.956 | INFO     | model.pipeline.preparation:_parse_garden_col:51 - Parsing Garden Column
2025-04-09 23:52:23.960 | INFO     | model.pipeline.preparation:_encode_bool:26 - Encoding Boolean Column
2025-04-09 23:52:23.965 | INFO     | model.pipeline.model:build_model:28 - Starting up Model Building Pipeline
2025-04-09 23:52:23.965 | INFO     | model.pipeline.preparation:prepare_data:10 - Starting up Preprocessing Pipeline
2025-04-09 23:52:23.965 | INFO     | model.pipeline.collection:load_data_from_db:18 - Extracting Data from the Database
2025-04-09 23:52:23.978 | INFO     | model.pipeline.preparation:prepare_data:14 - Preprocessing Data
2025-04-09 23:52:23.978 | INFO     | model.pipeline.preparation:_encode_cat_col:35 - Encoding Categorical Columns: ['balcony', 'parking', 'furnished', 'garage', 'storage']
2025-04-09 23:52:23.983 | INFO     | model.pipeline.preparation:_parse_garden_col:51 - Parsing Garden Column
2025-04-09 23:52:23.988 | INFO     | model.pipeline.preparation:_encode_bool:26 - Encoding Boolean Column
2025-04-09 23:52:23.989 | INFO     | model.pipeline.model:build_model:40 - Building Model
2025-04-09 23:52:23.990 | INFO     | model.pipeline.model:_get_X_Y:66 - Defining X and Y variables. 
X vars: ['area', 'bedrooms', 'garden', 'constraction_year', 'balcony_yes', 'storage_yes', 'parking_yes', 'garage_yes', 'furnished_yes']
y var: rent
2025-04-09 23:52:23.994 | DEBUG    | model.pipeline.model:_train_model:111 - grid_space = {'n_estimators': [100, 200, 300], 'max_depth': [3, 6, 9, 12]}
2025-04-09 23:52:53.199 | INFO     | model.pipeline.model:_evaluate_model:123 - Evaluating Model Performance SCORE = 0.6949347462059183
2025-04-09 23:52:53.230 | INFO     | model.pipeline.model:_save_model:138 - Saving the Model:model/models/rf_db_v1
2025-04-09 23:52:53.246 | INFO     | __main__:main:23 - Running the Application
2025-04-09 23:52:53.246 | INFO     | model.model_service:load_model:44 - Checking the existence of the model config file at model/models/rf_db_v1
2025-04-09 23:52:53.247 | INFO     | model.model_service:load_model:56 - Model rf_db_v1 Exists! ->loading Model Configuration File
2025-04-09 23:52:53.261 | INFO     | model.model_service:predict:78 - Making Prediction!
2025-04-09 23:52:53.291 | INFO     | __main__:main:40 - Prediction: [2117.22468015]
2025-04-10 10:00:16.382 | INFO     | model.pipeline.preparation:prepare_data:10 - Starting up Preprocessing Pipeline
2025-04-10 10:00:16.382 | INFO     | model.pipeline.collection:load_data_from_db:18 - Extracting Data from the Database
2025-04-10 10:00:16.420 | INFO     | model.pipeline.preparation:prepare_data:14 - Preprocessing Data
2025-04-10 10:00:16.420 | INFO     | model.pipeline.preparation:_encode_cat_col:35 - Encoding Categorical Columns: ['balcony', 'parking', 'furnished', 'garage', 'storage']
2025-04-10 10:00:16.435 | INFO     | model.pipeline.preparation:_parse_garden_col:51 - Parsing Garden Column
2025-04-10 10:00:16.439 | INFO     | model.pipeline.preparation:_encode_bool:26 - Encoding Boolean Column
2025-04-10 10:00:16.443 | INFO     | model.pipeline.model:build_model:28 - Starting up Model Building Pipeline
2025-04-10 10:00:16.443 | INFO     | model.pipeline.preparation:prepare_data:10 - Starting up Preprocessing Pipeline
2025-04-10 10:00:16.443 | INFO     | model.pipeline.collection:load_data_from_db:18 - Extracting Data from the Database
2025-04-10 10:00:16.455 | INFO     | model.pipeline.preparation:prepare_data:14 - Preprocessing Data
2025-04-10 10:00:16.455 | INFO     | model.pipeline.preparation:_encode_cat_col:35 - Encoding Categorical Columns: ['balcony', 'parking', 'furnished', 'garage', 'storage']
2025-04-10 10:00:16.462 | INFO     | model.pipeline.preparation:_parse_garden_col:51 - Parsing Garden Column
2025-04-10 10:00:16.464 | INFO     | model.pipeline.preparation:_encode_bool:26 - Encoding Boolean Column
2025-04-10 10:00:16.466 | INFO     | model.pipeline.model:build_model:40 - Building Model
2025-04-10 10:00:16.466 | INFO     | model.pipeline.model:_get_X_Y:66 - Defining X and Y variables. 
X vars: ['area', 'bedrooms', 'garden', 'constraction_year', 'balcony_yes', 'storage_yes', 'parking_yes', 'garage_yes', 'furnished_yes']
y var: rent
2025-04-10 10:00:16.470 | DEBUG    | model.pipeline.model:_train_model:111 - grid_space = {'n_estimators': [100, 200, 300], 'max_depth': [3, 6, 9, 12]}
2025-04-10 10:00:48.806 | INFO     | model.pipeline.model:_evaluate_model:123 - Evaluating Model Performance SCORE = 0.693627731445496
2025-04-10 10:00:48.841 | INFO     | model.pipeline.model:_save_model:138 - Saving the Model:model/models/rf_db_v1
2025-04-10 10:00:48.857 | INFO     | __main__:main:23 - Running the Application
2025-04-10 10:00:48.857 | INFO     | model.model_service:load_model:44 - Checking the existence of the model config file at model/models/rf_db_v1
2025-04-10 10:00:48.858 | INFO     | model.model_service:load_model:56 - Model rf_db_v1 Exists! ->loading Model Configuration File
2025-04-10 10:00:48.872 | INFO     | model.model_service:predict:78 - Making Prediction!
2025-04-10 10:00:48.902 | INFO     | __main__:main:40 - Prediction: [2093.75546808]
2025-04-10 10:03:33.598 | INFO     | model.pipeline.preparation:prepare_data:10 - Starting up Preprocessing Pipeline
2025-04-10 10:03:33.599 | INFO     | model.pipeline.collection:load_data_from_db:18 - Extracting Data from the Database
2025-04-10 10:03:33.643 | INFO     | model.pipeline.preparation:prepare_data:14 - Preprocessing Data
2025-04-10 10:03:33.644 | INFO     | model.pipeline.preparation:_encode_cat_col:35 - Encoding Categorical Columns: ['balcony', 'parking', 'furnished', 'garage', 'storage']
2025-04-10 10:03:33.659 | INFO     | model.pipeline.preparation:_parse_garden_col:51 - Parsing Garden Column
2025-04-10 10:03:33.663 | INFO     | model.pipeline.preparation:_encode_bool:26 - Encoding Boolean Column
2025-04-10 10:03:33.668 | INFO     | model.pipeline.model:build_model:28 - Starting up Model Building Pipeline
2025-04-10 10:03:33.668 | INFO     | model.pipeline.preparation:prepare_data:10 - Starting up Preprocessing Pipeline
2025-04-10 10:03:33.668 | INFO     | model.pipeline.collection:load_data_from_db:18 - Extracting Data from the Database
2025-04-10 10:03:33.680 | INFO     | model.pipeline.preparation:prepare_data:14 - Preprocessing Data
2025-04-10 10:03:33.680 | INFO     | model.pipeline.preparation:_encode_cat_col:35 - Encoding Categorical Columns: ['balcony', 'parking', 'furnished', 'garage', 'storage']
2025-04-10 10:03:33.686 | INFO     | model.pipeline.preparation:_parse_garden_col:51 - Parsing Garden Column
2025-04-10 10:03:33.688 | INFO     | model.pipeline.preparation:_encode_bool:26 - Encoding Boolean Column
2025-04-10 10:03:33.689 | INFO     | model.pipeline.model:build_model:40 - Building Model
2025-04-10 10:03:33.690 | INFO     | model.pipeline.model:_get_X_Y:66 - Defining X and Y variables. 
X vars: ['area', 'bedrooms', 'garden', 'constraction_year', 'balcony_yes', 'storage_yes', 'parking_yes', 'garage_yes', 'furnished_yes']
y var: rent
2025-04-10 10:03:33.695 | DEBUG    | model.pipeline.model:_train_model:111 - grid_space = {'n_estimators': [100, 200, 300], 'max_depth': [3, 6, 9, 12]}
2025-04-10 10:04:03.838 | INFO     | model.pipeline.model:_evaluate_model:123 - Evaluating Model Performance SCORE = 0.6985671852883273
2025-04-10 10:04:03.876 | INFO     | model.pipeline.model:_save_model:138 - Saving the Model:model/models/rf_db_v1
2025-04-10 10:04:03.909 | INFO     | __main__:main:23 - Running the Application
2025-04-10 10:04:03.909 | INFO     | model.model_service:load_model:44 - Checking the existence of the model config file at model/models/rf_db_v1
2025-04-10 10:04:03.910 | INFO     | model.model_service:load_model:56 - Model rf_db_v1 Exists! ->loading Model Configuration File
2025-04-10 10:04:03.947 | INFO     | model.model_service:predict:78 - Making Prediction!
2025-04-10 10:04:03.981 | ERROR    | __main__:<module>:44 - An error has been caught in function '<module>', process 'MainProcess' (13449), thread 'MainThread' (140704520595904):
Traceback (most recent call last):

> File "/Users/rev.dr.sylviablessings/ML_in_Production/src/runner.py", line 44, in <module>
    main()
    └ <function main at 0x10b424220>

  File "/Users/rev.dr.sylviablessings/ML_in_Production/src/runner.py", line 40, in main
    logger.info(f'Prediction: {pred:.2f}')
    │      │                   └ array([2114.10311594])
    │      └ <function Logger.info at 0x10b406b60>
    └ <loguru.logger handlers=[(id=0, level=10, sink=<stderr>), (id=1, level=10, sink='logs/app.log')]>

TypeError: unsupported format string passed to numpy.ndarray.__format__
2025-04-10 10:04:55.348 | INFO     | model.pipeline.preparation:prepare_data:10 - Starting up Preprocessing Pipeline
2025-04-10 10:04:55.348 | INFO     | model.pipeline.collection:load_data_from_db:18 - Extracting Data from the Database
2025-04-10 10:04:55.384 | INFO     | model.pipeline.preparation:prepare_data:14 - Preprocessing Data
2025-04-10 10:04:55.384 | INFO     | model.pipeline.preparation:_encode_cat_col:35 - Encoding Categorical Columns: ['balcony', 'parking', 'furnished', 'garage', 'storage']
2025-04-10 10:04:55.399 | INFO     | model.pipeline.preparation:_parse_garden_col:51 - Parsing Garden Column
2025-04-10 10:04:55.402 | INFO     | model.pipeline.preparation:_encode_bool:26 - Encoding Boolean Column
2025-04-10 10:04:55.407 | INFO     | model.pipeline.model:build_model:28 - Starting up Model Building Pipeline
2025-04-10 10:04:55.407 | INFO     | model.pipeline.preparation:prepare_data:10 - Starting up Preprocessing Pipeline
2025-04-10 10:04:55.408 | INFO     | model.pipeline.collection:load_data_from_db:18 - Extracting Data from the Database
2025-04-10 10:04:55.420 | INFO     | model.pipeline.preparation:prepare_data:14 - Preprocessing Data
2025-04-10 10:04:55.420 | INFO     | model.pipeline.preparation:_encode_cat_col:35 - Encoding Categorical Columns: ['balcony', 'parking', 'furnished', 'garage', 'storage']
2025-04-10 10:04:55.425 | INFO     | model.pipeline.preparation:_parse_garden_col:51 - Parsing Garden Column
2025-04-10 10:04:55.428 | INFO     | model.pipeline.preparation:_encode_bool:26 - Encoding Boolean Column
2025-04-10 10:04:55.431 | INFO     | model.pipeline.model:build_model:40 - Building Model
2025-04-10 10:04:55.431 | INFO     | model.pipeline.model:_get_X_Y:66 - Defining X and Y variables. 
X vars: ['area', 'bedrooms', 'garden', 'constraction_year', 'balcony_yes', 'storage_yes', 'parking_yes', 'garage_yes', 'furnished_yes']
y var: rent
2025-04-10 10:04:55.435 | DEBUG    | model.pipeline.model:_train_model:111 - grid_space = {'n_estimators': [100, 200, 300], 'max_depth': [3, 6, 9, 12]}
2025-04-10 10:05:23.777 | INFO     | model.pipeline.model:_evaluate_model:123 - Evaluating Model Performance SCORE = 0.6914292364706887
2025-04-10 10:05:23.823 | INFO     | model.pipeline.model:_save_model:138 - Saving the Model:model/models/rf_db_v1
2025-04-10 10:05:23.870 | INFO     | __main__:main:23 - Running the Application
2025-04-10 10:05:23.870 | INFO     | model.model_service:load_model:44 - Checking the existence of the model config file at model/models/rf_db_v1
2025-04-10 10:05:23.871 | INFO     | model.model_service:load_model:56 - Model rf_db_v1 Exists! ->loading Model Configuration File
2025-04-10 10:05:23.912 | INFO     | model.model_service:predict:78 - Making Prediction!
2025-04-10 10:05:23.950 | INFO     | __main__:main:40 - Prediction: [2155.84765068]
2025-04-10 10:31:43.855 | INFO     | model.pipeline.preparation:prepare_data:10 - Starting up Preprocessing Pipeline
2025-04-10 10:31:43.856 | INFO     | model.pipeline.collection:load_data_from_db:18 - Extracting Data from the Database
2025-04-10 10:31:43.876 | INFO     | model.pipeline.preparation:prepare_data:14 - Preprocessing Data
2025-04-10 10:31:43.876 | INFO     | model.pipeline.preparation:_encode_cat_col:35 - Encoding Categorical Columns: ['balcony', 'parking', 'furnished', 'garage', 'storage']
2025-04-10 10:31:43.882 | INFO     | model.pipeline.preparation:_parse_garden_col:51 - Parsing Garden Column
2025-04-10 10:31:43.885 | INFO     | model.pipeline.preparation:_encode_bool:26 - Encoding Boolean Column
2025-04-10 10:31:43.887 | INFO     | model.pipeline.model:build_model:28 - Starting up Model Building Pipeline
2025-04-10 10:31:43.887 | INFO     | model.pipeline.preparation:prepare_data:10 - Starting up Preprocessing Pipeline
2025-04-10 10:31:43.887 | INFO     | model.pipeline.collection:load_data_from_db:18 - Extracting Data from the Database
2025-04-10 10:31:43.899 | INFO     | model.pipeline.preparation:prepare_data:14 - Preprocessing Data
2025-04-10 10:31:43.899 | INFO     | model.pipeline.preparation:_encode_cat_col:35 - Encoding Categorical Columns: ['balcony', 'parking', 'furnished', 'garage', 'storage']
2025-04-10 10:31:43.904 | INFO     | model.pipeline.preparation:_parse_garden_col:51 - Parsing Garden Column
2025-04-10 10:31:43.907 | INFO     | model.pipeline.preparation:_encode_bool:26 - Encoding Boolean Column
2025-04-10 10:31:43.908 | INFO     | model.pipeline.model:build_model:40 - Building Model
2025-04-10 10:31:43.909 | INFO     | model.pipeline.model:_get_X_Y:66 - Defining X and Y variables. 
X vars: ['area', 'bedrooms', 'garden', 'constraction_year', 'balcony_yes', 'storage_yes', 'parking_yes', 'garage_yes', 'furnished_yes']
y var: rent
2025-04-10 10:31:43.912 | DEBUG    | model.pipeline.model:_train_model:111 - grid_space = {'n_estimators': [100, 200, 300], 'max_depth': [3, 6, 9, 12]}
2025-04-10 10:32:12.175 | INFO     | model.pipeline.model:_evaluate_model:123 - Evaluating Model Performance SCORE = 0.6893877146631947
2025-04-10 10:32:12.194 | INFO     | model.pipeline.model:_save_model:138 - Saving the Model:model/models/rf_db_v1
2025-04-10 10:32:12.217 | INFO     | __main__:main:23 - Running the Application
2025-04-10 10:32:12.218 | INFO     | model.model_service:load_model:44 - Checking the existence of the model config file at model/models/rf_db_v1
2025-04-10 10:32:12.218 | INFO     | model.model_service:load_model:56 - Model rf_db_v1 Exists! ->loading Model Configuration File
2025-04-10 10:32:12.232 | INFO     | model.model_service:predict:78 - Making Prediction!
2025-04-10 10:32:12.248 | INFO     | __main__:main:40 - Prediction: [2104.68444948]
2025-04-10 10:42:59.010 | INFO     | model.pipeline.preparation:prepare_data:10 - Starting up Preprocessing Pipeline
2025-04-10 10:42:59.010 | INFO     | model.pipeline.collection:load_data_from_db:18 - Extracting Data from the Database
2025-04-10 10:42:59.036 | INFO     | model.pipeline.preparation:prepare_data:14 - Preprocessing Data
2025-04-10 10:42:59.037 | INFO     | model.pipeline.preparation:_encode_cat_col:35 - Encoding Categorical Columns: ['balcony', 'parking', 'furnished', 'garage', 'storage']
2025-04-10 10:42:59.044 | INFO     | model.pipeline.preparation:_parse_garden_col:51 - Parsing Garden Column
2025-04-10 10:42:59.047 | INFO     | model.pipeline.preparation:_encode_bool:26 - Encoding Boolean Column
2025-04-10 10:42:59.049 | INFO     | model.pipeline.model:build_model:28 - Starting up Model Building Pipeline
2025-04-10 10:42:59.049 | INFO     | model.pipeline.preparation:prepare_data:10 - Starting up Preprocessing Pipeline
2025-04-10 10:42:59.049 | INFO     | model.pipeline.collection:load_data_from_db:18 - Extracting Data from the Database
2025-04-10 10:42:59.071 | INFO     | model.pipeline.preparation:prepare_data:14 - Preprocessing Data
2025-04-10 10:42:59.071 | INFO     | model.pipeline.preparation:_encode_cat_col:35 - Encoding Categorical Columns: ['balcony', 'parking', 'furnished', 'garage', 'storage']
2025-04-10 10:42:59.076 | INFO     | model.pipeline.preparation:_parse_garden_col:51 - Parsing Garden Column
2025-04-10 10:42:59.080 | INFO     | model.pipeline.preparation:_encode_bool:26 - Encoding Boolean Column
2025-04-10 10:42:59.082 | INFO     | model.pipeline.model:build_model:40 - Building Model
2025-04-10 10:42:59.082 | INFO     | model.pipeline.model:_get_X_Y:66 - Defining X and Y variables. 
X vars: ['area', 'bedrooms', 'garden', 'constraction_year', 'balcony_yes', 'storage_yes', 'parking_yes', 'garage_yes', 'furnished_yes']
y var: rent
2025-04-10 10:42:59.087 | DEBUG    | model.pipeline.model:_train_model:111 - grid_space = {'n_estimators': [100, 200, 300], 'max_depth': [3, 6, 9, 12]}
2025-04-10 10:43:27.460 | INFO     | model.pipeline.model:_evaluate_model:123 - Evaluating Model Performance SCORE = 0.6912537544973658
2025-04-10 10:43:27.479 | INFO     | model.pipeline.model:_save_model:138 - Saving the Model:model/models/rf_db_v1
2025-04-10 10:43:27.503 | INFO     | __main__:main:23 - Running the Application
2025-04-10 10:43:27.503 | INFO     | model.model_service:load_model:44 - Checking the existence of the model config file at model/models/rf_db_v1
2025-04-10 10:43:27.503 | INFO     | model.model_service:load_model:56 - Model rf_db_v1 Exists! ->loading Model Configuration File
2025-04-10 10:43:27.521 | INFO     | model.model_service:predict:78 - Making Prediction!
2025-04-10 10:43:27.538 | INFO     | __main__:main:40 - Prediction: [2083.23645238]
